2020-08-17 12:20:20 因为努力工作获得了一次抽奖！剩余抽奖次数： 1
2020-08-17 12:20:23 获得奖励：十元现金; 剩余抽奖次数： 0
2020-08-17 17:07:11 - 2020-08-17 17:07:18 因 看论文做实验50min 获得了一次抽奖！剩余抽奖次数： 1
2020-08-17 17:14:29 - 2020-08-17 18:04:48 因 看论文做实验50min 获得了一次抽奖！剩余抽奖次数： 2
2020-08-17 18:08:07 获得奖励：半小时其他; 剩余抽奖次数： 1
2020-08-17 18:08:28 获得奖励：看一集番; 剩余抽奖次数： 0
2020-08-17 19:38:14 - 2020-08-17 20:28:31 因 看论文做实验50min 获得了一次抽奖！剩余抽奖次数： 1
2020-08-18 08:19:41 - 2020-08-18 09:09:57 因 语言学习 获得了一次抽奖！剩余抽奖次数： 2
2020-08-18 10:42:53 - 2020-08-18 11:33:04 因 看论文做实验50min 获得了一次抽奖！剩余抽奖次数： 3
2020-08-18 12:35:51 获得奖励：MD两局; 剩余抽奖次数： 2
2020-08-18 12:36:13 获得奖励：三元现金; 剩余抽奖次数： 1
2020-08-18 12:36:25 获得奖励：MD十局; 剩余抽奖次数： 0
2020-08-18 12:37:30 - 2020-08-18 13:07:38 进行了娱乐时间！
2020-08-18 13:08:10 - 2020-08-18 13:38:18 进行了娱乐时间！
2020-08-18 15:36:33 - 2020-08-18 16:26:45 因 读书整理书爱培 获得了一次抽奖！剩余抽奖次数： 2
2020-08-18 17:33:42 - 2020-08-18 18:23:52 因 看论文做实验50min 获得了一次抽奖！剩余抽奖次数： 3
2020-08-18 18:25:24 获得奖励：MD两局; 剩余抽奖次数： 2
2020-08-18 18:25:40 获得奖励：三元现金; 剩余抽奖次数： 1
2020-08-18 18:25:48 获得奖励：半小时其他; 剩余抽奖次数： 0
2020-08-18 19:34:03 - 2020-08-18 20:24:14 因 看论文做实验50min 获得了一次抽奖！剩余抽奖次数： 1
