2019-10-08 15:30:55 高板桐乃: 好感度+18  当前好感度: 68
2019-10-08 15:30:56 高板桐乃: 等级+1  当前等级: 2
2019-10-08 15:30:56 高板桐乃: 等级+5  当前等级: 7
2019-10-08 15:30:56 高板桐乃: 等级+10  当前等级: 17
2019-10-08 15:30:56 高板桐乃: 等级+5  当前等级: 22
2019-10-08 15:30:56 高板桐乃: 技能等级+1  当前技能等级: 2
2019-10-10 09:12:26 高板桐乃: 获得S角色卡！好感度+70  当前好感度: 138
2019-10-10 09:12:26 恭喜你获得New角色！――园田优
2019-10-10 09:12:28 高板桐乃: 获得A角色卡！好感度+18  当前好感度: 156
2019-10-10 09:12:30 高板桐乃: 获得A角色卡！好感度+18  当前好感度: 174
2019-10-10 09:12:34 高板桐乃: 等级+1  当前等级: 23
2019-10-10 09:12:35 高板桐乃: 等级+5  当前等级: 28
2019-10-10 09:12:36 高板桐乃: 等级+1  当前等级: 29
2019-10-10 09:12:37 高板桐乃: 等级+1  当前等级: 30
2019-10-10 09:12:37 高板桐乃: 等级+1  当前等级: 31
2019-10-10 09:12:39 高板桐乃: 技能等级+3  当前技能等级: 5
2019-10-10 09:12:43 高板桐乃: 技能等级+2  当前技能等级: 7
2019-10-10 09:12:45 高板桐乃: 等级+1  当前等级: 32
2019-10-10 09:12:45 高板桐乃: 等级+2  当前等级: 34
2019-10-10 09:12:46 高板桐乃: 等级+1  当前等级: 35
2019-10-10 09:12:47 高板桐乃: 等级+1  当前等级: 36
2019-10-11 08:54:16 高板桐乃: 技能等级+1  当前技能等级: 8
2019-10-11 08:54:19 高板桐乃: 等级+1  当前等级: 37
2019-10-11 08:54:21 高板桐乃: 等级+1  当前等级: 38
2019-10-11 08:54:21 高板桐乃: 等级+10  当前等级: 48
2019-10-11 08:54:22 高板桐乃: 等级+1  当前等级: 49
2019-10-16 12:01:18 平泽唯: 获得A角色卡！好感度+18  当前好感度: 69
2019-10-16 12:01:20 平泽唯: 好感度+1  当前好感度: 70
2019-10-16 12:03:30 凉风青叶: 技能等级+1  当前技能等级: 2
2019-10-16 12:04:01 凉风青叶: 等级+1  当前等级: 2
2019-10-16 12:04:02 凉风青叶: 等级+1  当前等级: 3
2019-10-18 14:34:09 凉风青叶: 等级+1  当前等级: 4
2019-10-19 13:20:14 凉风青叶: 好感度+1  当前好感度: 1
2019-10-19 13:20:14 凉风青叶: 好感度+1  当前好感度: 2
2019-10-19 13:20:17 凉风青叶: 等级+2  当前等级: 6
2019-10-19 13:20:18 凉风青叶: 等级+1  当前等级: 7
2019-10-19 13:20:18 凉风青叶: 等级+1  当前等级: 8
2019-10-19 13:20:20 凉风青叶: 技能等级+1  当前技能等级: 3
2019-10-21 10:16:17 恭喜你获得New角色！――栗山未来
2019-10-21 10:16:17 凉风青叶: 等级+1  当前等级: 9
2019-10-21 10:16:18 凉风青叶: 技能等级+1  当前技能等级: 4
2020-10-19 15:42:37 恭喜你获得New角色！
2021-07-06 15:08:13 平泽唯: 获得A角色卡！好感度+18  当前好感度: 88
2021-07-06 15:08:18 恭喜你获得New角色！
2021-07-06 15:08:23 恭喜你获得New角色！
2021-07-06 15:08:28 平泽唯: 好感度+1  当前好感度: 89
2021-07-06 15:38:46 岁纳京子: 获得A角色卡！好感度+18  当前好感度: 68
2021-07-06 17:10:29 五更琉璃: 技能等级+1  当前技能等级: 2
2021-07-06 17:10:42 五更琉璃: 技能等级+1  当前技能等级: 3
2021-07-06 17:21:14 五更琉璃: 技能等级+1  当前技能等级: 4
