
2020-10-27入场收费收取,水晶-1500; 剩余水晶：3380
2020-10-27 3000Cys兑换300RMB备用；剩余水晶：380
2020-10-27 08:42:09 - 2020-10-27 09:07:38因 半个番茄钟25min 获得了90水晶！剩余水晶： 470 已经为完成开题报告投资了25分钟
2020-10-27 09:21:45 - 2020-10-27 10:12:46因 看论文做实验50min 获得了220水晶！剩余水晶： 690 已经为完成开题报告投资了50分钟
2020-10-27 10:43:05 - 2020-10-27 11:34:20因 看论文做实验50min 获得了220水晶！剩余水晶： 910 已经为完成开题报告投资了50分钟
2020-10-27 13:00:08午间签到,水晶+80; 剩余水晶：990
2020-10-27 14:19:07 - 2020-10-27 15:10:17因 看论文做实验50min 获得了220水晶！剩余水晶： 1210 已经为完成开题报告投资了50分钟
2020-10-27 15:35:46 - 2020-10-27 16:26:35因 看论文做实验50min 获得了220水晶！剩余水晶： 1430 已经为完成开题报告投资了50分钟
2020-10-27 16:57:34 - 2020-10-27 17:48:28因 看论文做实验50min 获得了220水晶！剩余水晶： 1650 已经为工程娱乐初级投资了50分钟
2020-10-27 20:07:23 - 2020-10-27 20:58:07因 看论文做实验50min 获得了220水晶！剩余水晶： 1870 已经为工程娱乐初级投资了50分钟
2020-10-27 21:00:38 - 2020-10-27 21:20:58因 进行了娱乐时间20min 获得了10水晶！剩余水晶： 1880 已经为视频娱乐进阶投资了20分钟
2020-10-27 21:33:47 - 2020-10-27 22:24:35因 看论文做实验50min 获得了220水晶！剩余水晶： 2100 已经为工程娱乐初级投资了50分钟
2020-10-27 22:30:18夜间签到,水晶+80; 剩余水晶：2180
2020-10-27 22:32:53 - 2020-10-27 22:58:17因 半个番茄钟25min 获得了90水晶！剩余水晶： 2270 已经为写作提升投资了25分钟

2020-10-28入场收费收取,水晶-1500; 剩余水晶：770
2020-10-28 09:27:04 - 2020-10-28 10:18:04因 读书整理书爱培50min 获得了200水晶！剩余水晶： 970 已经为写作提升投资了50分钟
2020-10-28 13:30:07午间签到,水晶+80; 剩余水晶：1050
2020-10-28 13:30:28 - 2020-10-28 13:55:59因 半个番茄钟25min 获得了90水晶！剩余水晶： 1140 已经为完成开题报告投资了25分钟
2020-10-28 14:09:28 - 2020-10-28 15:00:13因 看论文做实验50min 获得了220水晶！剩余水晶： 1360 已经为工程娱乐初级投资了50分钟
2020-10-28 15:47:16 - 2020-10-28 16:12:41因 半个番茄钟25min 获得了90水晶！剩余水晶： 1450 已经为完成开题报告投资了25分钟
2020-10-28 17:44:11 - 2020-10-28 18:04:28因 进行了娱乐时间20min 获得了10水晶！剩余水晶： 1460 已经为语言同化 第三期投资了20分钟
2020-10-28 18:35:59 - 2020-10-28 19:26:29因 看论文做实验50min 获得了220水晶！剩余水晶： 1680 已经为完成开题报告投资了50分钟
2020-10-28 19:45:49 - 2020-10-28 20:06:06因 进行了娱乐时间20min 获得了10水晶！剩余水晶： 1690 已经为视频娱乐进阶投资了20分钟
2020-10-28 20:06:15 - 2020-10-28 20:57:10因 看论文做实验50min 获得了220水晶！剩余水晶： 1910 已经为完成开题报告投资了50分钟
2020-10-28 21:01:21 - 2020-10-28 21:21:46因 进行了娱乐时间20min 获得了10水晶！剩余水晶： 1920 已经为视频娱乐进阶投资了20分钟
2020-10-28 21:39:55 - 2020-10-28 22:30:44因 看论文做实验50min 获得了220水晶！剩余水晶： 2140 已经为完成开题报告投资了50分钟
2020-10-28 22:30:48夜间签到,水晶+80; 剩余水晶：2220
2020-10-28 22:31:02 - 2020-10-28 22:51:26因 进行了娱乐时间20min 获得了10水晶！剩余水晶： 2230 已经为视频娱乐进阶投资了20分钟

2020-10-29入场收费收取,水晶-1500; 剩余水晶：730
2020-10-29 08:05:18早间签到,水晶+240; 剩余水晶：970
2020-10-29 08:52:08 - 2020-10-29 09:42:49因 读书整理书爱培50min 获得了200水晶！剩余水晶： 1170 已经为写作提升投资了50分钟
2020-10-29 09:42:57 - 2020-10-29 10:03:22因 进行了娱乐时间20min 获得了10水晶！剩余水晶： 1180 已经为视频娱乐进阶投资了20分钟
2020-10-29 10:12:49 - 2020-10-29 10:33:15因 进行了娱乐时间20min 获得了10水晶！剩余水晶： 1190 已经为工程娱乐初级投资了20分钟
2020-10-29 10:35:49 - 2020-10-29 10:56:10因 进行了娱乐时间20min 获得了10水晶！剩余水晶： 1200 已经为工程娱乐初级投资了20分钟
2020-10-29 11:03:15 - 2020-10-29 11:23:45因 进行了娱乐时间20min 获得了10水晶！剩余水晶： 1210 已经为工程娱乐初级投资了20分钟
2020-10-29 11:26:10 - 2020-10-29 11:46:38因 进行了娱乐时间20min 获得了10水晶！剩余水晶： 1220 已经为工程娱乐初级投资了20分钟
2020-10-29 13:00:45午间签到,水晶+80; 剩余水晶：1300
2020-10-29 15:46:09 - 2020-10-29 16:37:16因 看论文做实验50min 获得了220水晶！剩余水晶： 1520 已经为完成开题报告投资了50分钟
恭喜你已经于2020-10-29 16:37:16完成了事件完成开题报告 水晶增加3000
2020-10-29 16:38:40 - 2020-10-29 17:30:07因 看论文做实验50min 获得了220水晶！剩余水晶： 4740 已经为完成开题 第二期投资了50分钟
2020-10-29 19:08:21 - 2020-10-29 19:28:43因 进行了娱乐时间20min 获得了10水晶！剩余水晶： 4750 已经为视频娱乐进阶投资了20分钟
2020-10-29 19:30:36 - 2020-10-29 19:51:04因 进行了娱乐时间20min 获得了10水晶！剩余水晶： 4760 已经为番剧鉴赏投资了20分钟
2020-10-29 19:54:51 - 2020-10-29 20:15:31因 进行了娱乐时间20min 获得了10水晶！剩余水晶： 4770 已经为番剧鉴赏投资了20分钟
2020-10-29 因时间完成奖励变更，3000cys奖励更改为800cys，水晶-2200，剩余水晶： 2570
2020-10-29 22:07:37 - 2020-10-29 22:58:32因 看论文做实验50min 获得了220水晶！剩余水晶： 2790 已经为完成开题 第二期投资了50分钟
2020-10-29 22:58:47夜间签到,水晶+80; 剩余水晶：2870
2020-10-29 23:05:30 - 2020-10-29 23:30:56因 半个番茄钟25min 获得了90水晶！剩余水晶： 2960 已经为完成开题 第二期投资了25分钟

2020-10-30入场收费收取,水晶-1500; 剩余水晶：1460
2020-10-30 10:30:57 - 2020-10-30 10:56:24因 半个番茄钟25min 获得了90水晶！剩余水晶： 1550 已经为写作提升投资了25分钟
2020-10-30 11:33:51 - 2020-10-30 11:54:06因 进行了娱乐时间20min 获得了10水晶！剩余水晶： 1560 已经为视频娱乐进阶投资了20分钟
2020-10-30 20:03:23 - 2020-10-30 20:23:49因 进行了娱乐时间20min 获得了10水晶！剩余水晶： 1570 已经为视频娱乐进阶投资了20分钟
2020-10-30 20:29:41 - 2020-10-30 20:50:11因 进行了娱乐时间20min 获得了10水晶！剩余水晶： 1580 已经为视频娱乐进阶投资了20分钟
2020-10-30 20:50:19 - 2020-10-30 21:10:44因 进行了娱乐时间20min 获得了10水晶！剩余水晶： 1590 已经为工程娱乐初级投资了20分钟
2020-10-30 21:10:50 - 2020-10-30 21:31:15因 进行了娱乐时间20min 获得了10水晶！剩余水晶： 1600 已经为工程娱乐初级投资了20分钟
2020-10-30 21:37:19 - 2020-10-30 21:57:34因 进行了娱乐时间20min 获得了10水晶！剩余水晶： 1610 已经为工程娱乐初级投资了20分钟
2020-10-30 21:58:50 - 2020-10-30 22:19:10因 进行了娱乐时间20min 获得了10水晶！剩余水晶： 1620 已经为工程娱乐初级投资了20分钟
2020-10-30 22:19:17 - 2020-10-30 22:39:37因 进行了娱乐时间20min 获得了10水晶！剩余水晶： 1630 已经为工程娱乐初级投资了20分钟
2020-10-30 22:48:42夜间签到,水晶+80; 剩余水晶：1710

2020-11-02入场收费收取,水晶-1500; 剩余水晶：210
2020-11-02 10:21:09 - 2020-11-02 11:12:41因 看论文做实验50min 获得了220水晶！剩余水晶： 430 已经为完成开题 第二期投资了50分钟
2020-11-02 17:28:05 - 2020-11-02 17:53:25因 半个番茄钟25min 获得了90水晶！剩余水晶： 520 已经为完成开题 第二期投资了25分钟
2020-11-02 19:20:28 - 2020-11-02 19:45:51因 半个番茄钟25min 获得了90水晶！剩余水晶： 610 已经为完成开题 第二期投资了25分钟
2020-11-02 19:50:03 - 2020-11-02 20:40:44因 读书整理书爱培50min 获得了200水晶！剩余水晶： 810 已经为阅读晋升 第二期投资了50分钟
2020-11-02 20:48:06 - 2020-11-02 21:08:26因 进行了娱乐时间20min 获得了10水晶！剩余水晶： 820 已经为视频娱乐进阶投资了20分钟
2020-11-02 21:08:43 - 2020-11-02 21:29:04因 进行了娱乐时间20min 获得了10水晶！剩余水晶： 830 已经为视频娱乐进阶投资了20分钟
2020-11-02 21:36:02 - 2020-11-02 22:26:50因 读书整理书爱培50min 获得了200水晶！剩余水晶： 1030 已经为阅读晋升 第二期投资了50分钟
2020-11-02 22:30:06夜间签到,水晶+80; 剩余水晶：1110
2020-11-02 补31日完结游戏“控制”，水晶+400； 剩余水晶：1510
2020-11-02 23:32:48 - 2020-11-02 23:53:20因 进行了娱乐时间20min 获得了10水晶！剩余水晶： 1520 已经为语言同化 第三期投资了20分钟

2020-11-03入场收费收取,水晶-1500; 剩余水晶：20
2020-11-03 16:00:59 - 2020-11-03 16:26:23因 半个番茄钟25min 获得了90水晶！剩余水晶： 110 已经为写作提升投资了25分钟
2020-11-03 16:37:31 - 2020-11-03 17:28:15因 读书整理书爱培50min 获得了200水晶！剩余水晶： 310 已经为阅读晋升 第二期投资了50分钟
2020-11-03 17:28:36 - 2020-11-03 18:19:16因 读书整理书爱培50min 获得了200水晶！剩余水晶： 510 已经为阅读晋升 第二期投资了50分钟
2020-11-03 19:29:46 - 2020-11-03 20:20:11因 读书整理书爱培50min 获得了200水晶！剩余水晶： 710 已经为阅读晋升 第二期投资了50分钟
2020-11-03 20:35:44 - 2020-11-03 20:56:01因 进行了娱乐时间20min 获得了10水晶！剩余水晶： 720 已经为视频娱乐进阶投资了20分钟
2020-11-03 22:30:00夜间签到,水晶+80; 剩余水晶：800

2020-11-04 10:45:01 - 2020-11-04 11:10:22因 半个番茄钟25min 获得了90水晶！剩余水晶： 890 已经为写作提升投资了25分钟
2020-11-04 补3日完结书籍“游戏机制”，水晶+500； 剩余水晶：1390
2020-11-04 11:21:18 - 2020-11-04 11:46:44因 半个番茄钟25min 获得了90水晶！剩余水晶： 1480 已经为阅读晋升 第二期投资了25分钟
2020-11-04 13:00:12午间签到,水晶+80; 剩余水晶：1560

2020-11-04入场收费收取,水晶-1500; 剩余水晶：60
2020-11-04 13:08:01 - 2020-11-04 13:59:20因 看论文做实验50min 获得了220水晶！剩余水晶： 280 已经为理解TF 第二期投资了50分钟
2020-11-04 14:02:15 - 2020-11-04 14:53:46因 看论文做实验50min 获得了220水晶！剩余水晶： 500 已经为工程娱乐初级投资了50分钟
2020-11-04 14:54:03 - 2020-11-04 15:45:29因 看论文做实验50min 获得了220水晶！剩余水晶： 720 已经为理解TF 第二期投资了50分钟
2020-11-04 16:33:03 - 2020-11-04 17:23:58因 看论文做实验50min 获得了220水晶！剩余水晶： 940 已经为完善数学导图投资了50分钟
2020-11-04 20:18:33 - 2020-11-04 20:45:58因 半个番茄钟25min 获得了90水晶！剩余水晶： 1030 已经为语言同化 第三期投资了25分钟
2020-11-04 22:40:52夜间签到,水晶+80; 剩余水晶：1110
2020-11-04 22:41:02 - 2020-11-04 23:01:29因 进行了娱乐时间20min 获得了10水晶！剩余水晶： 1120 已经为立直麻将进阶投资了20分钟
2020-11-04 23:11:11 - 2020-11-04 23:31:32因 进行了娱乐时间20min 获得了10水晶！剩余水晶： 1130 已经为立直麻将进阶投资了20分钟
2020-11-05 13:00:03午间签到,水晶+80; 剩余水晶：1210
2020-11-05 13:16:59 - 2020-11-05 13:37:16因 进行了娱乐时间20min 获得了10水晶！剩余水晶： 1220 已经为番剧鉴赏投资了20分钟
2020-11-05 14:52:45 - 2020-11-05 15:18:09因 半个番茄钟25min 获得了90水晶！剩余水晶： 1310 已经为写作提升投资了25分钟
2020-11-05 15:18:21 - 2020-11-05 15:38:44因 进行了娱乐时间20min 获得了10水晶！剩余水晶： 1320 已经为视频娱乐进阶投资了20分钟
2020-11-05 15:58:27 - 2020-11-05 16:18:40因 进行了娱乐时间20min 获得了10水晶！剩余水晶： 1330 已经为视频娱乐进阶投资了20分钟
2020-11-05 16:19:38 - 2020-11-05 16:39:57因 进行了娱乐时间20min 获得了10水晶！剩余水晶： 1340 已经为番剧鉴赏投资了20分钟
2020-11-05 16:43:45 - 2020-11-05 17:03:57因 进行了娱乐时间20min 获得了10水晶！剩余水晶： 1350 已经为番剧鉴赏投资了20分钟
2020-11-05 19:38:54 - 2020-11-05 20:29:44因 读书整理书爱培50min 获得了200水晶！剩余水晶： 1550 已经为写作提升投资了50分钟
2020-11-05 20:31:28 - 2020-11-05 20:51:50因 进行了娱乐时间20min 获得了10水晶！剩余水晶： 1560 已经为视频娱乐进阶投资了20分钟
2020-11-05 20:51:56 - 2020-11-05 21:12:24因 进行了娱乐时间20min 获得了10水晶！剩余水晶： 1570 已经为视频娱乐进阶投资了20分钟
2020-11-05 21:37:32 - 2020-11-05 21:58:12因 进行了娱乐时间20min 获得了10水晶！剩余水晶： 1580 已经为语言同化 第三期投资了20分钟

2020-11-06入场收费收取,水晶-1500; 剩余水晶：80
2020-11-06 13:01:37午间签到,水晶+80; 剩余水晶：160
2020-11-06 13:03:59 - 2020-11-06 13:29:25因 半个番茄钟25min 获得了90水晶！剩余水晶： 250 已经为工程娱乐初级投资了25分钟
2020-11-06 13:35:15 - 2020-11-06 13:55:49因 进行了娱乐时间20min 获得了10水晶！剩余水晶： 260 已经为语言同化 第三期投资了20分钟
2020-11-06 14:02:13 - 2020-11-06 14:22:37因 进行了娱乐时间20min 获得了10水晶！剩余水晶： 270 已经为视频娱乐进阶投资了20分钟
2020-11-06 14:32:41 - 2020-11-06 15:23:31因 看论文做实验50min 获得了220水晶！剩余水晶： 490 已经为理解TF 第二期投资了50分钟
2020-11-06 补5日完结番剧《Kanon》，水晶+600； 剩余水晶：1090
2020-11-06 15:42:55 - 2020-11-06 16:33:48因 看论文做实验50min 获得了220水晶！剩余水晶： 1310 已经为理解TF 第二期投资了50分钟
2020-11-06 16:43:14 - 2020-11-06 17:03:42因 进行了娱乐时间20min 获得了10水晶！剩余水晶： 1320 已经为视频娱乐进阶投资了20分钟
2020-11-06 17:07:41 - 2020-11-06 17:58:15因 看论文做实验50min 获得了220水晶！剩余水晶： 1540 已经为理解TF 第二期投资了50分钟
2020-11-06 20:12:53 - 2020-11-06 21:03:49因 看论文做实验50min 获得了220水晶！剩余水晶： 1760 已经为理解TF 第二期投资了50分钟
2020-11-06 21:24:51 - 2020-11-06 21:45:12因 进行了娱乐时间20min 获得了10水晶！剩余水晶： 1770 已经为视频娱乐进阶投资了20分钟
2020-11-06 22:13:02 - 2020-11-06 23:03:53因 看论文做实验50min 获得了220水晶！剩余水晶： 1990 已经为理解TF 第二期投资了50分钟
2020-11-06 23:07:19 - 2020-11-06 23:27:43因 进行了娱乐时间20min 获得了10水晶！剩余水晶： 2000 已经为立直麻将进阶投资了20分钟
2020-11-06 完结番剧《天才麻将少女 阿知贺篇》，水晶+600； 剩余水晶：2600

2020-11-07入场收费收取,水晶-1500; 剩余水晶：1100
2020-11-07 13:14:43午间签到,水晶+80; 剩余水晶：1180
2020-11-07 14:04:52 - 2020-11-07 14:25:06因 进行了娱乐时间20min 获得了10水晶！剩余水晶： 1190 已经为视频娱乐进阶投资了20分钟
2020-11-07 14:27:58 - 2020-11-07 14:48:20因 进行了娱乐时间20min 获得了10水晶！剩余水晶： 1200 已经为视频娱乐进阶投资了20分钟
2020-11-07 15:25:46 - 2020-11-07 15:46:07因 进行了娱乐时间20min 获得了10水晶！剩余水晶： 1210 已经为立直麻将进阶投资了20分钟
2020-11-07 16:01:54 - 2020-11-07 16:52:48因 看论文做实验50min 获得了220水晶！剩余水晶： 1430 已经为完成开题 第二期投资了50分钟
2020-11-07 16:52:57 - 2020-11-07 17:13:08因 进行了娱乐时间20min 获得了10水晶！剩余水晶： 1440 已经为视频娱乐进阶投资了20分钟
2020-11-07 17:21:34 - 2020-11-07 17:41:53因 进行了娱乐时间20min 获得了10水晶！剩余水晶： 1450 已经为视频娱乐进阶投资了20分钟
2020-11-07 21:09:12 - 2020-11-07 21:59:57因 看论文做实验50min 获得了220水晶！剩余水晶： 1670 已经为理解TF 第二期投资了50分钟
2020-11-07 22:03:56 - 2020-11-07 22:54:51因 看论文做实验50min 获得了220水晶！剩余水晶： 1890 已经为理解TF 第二期投资了50分钟
2020-11-07 22:55:20夜间签到,水晶+80; 剩余水晶：1970
2020-11-07 23:00:07 - 2020-11-07 23:51:06因 读书整理书爱培50min 获得了200水晶！剩余水晶： 2170 已经为写作提升投资了50分钟

2020-11-08入场收费收取,水晶-1500; 剩余水晶：670
2020-11-08 11:26:05 - 2020-11-08 11:46:33因 进行了娱乐时间20min 获得了10水晶！剩余水晶： 680 已经为语言同化 第三期投资了20分钟
2020-11-08 12:53:16 - 2020-11-08 13:13:41因 进行了娱乐时间20min 获得了10水晶！剩余水晶： 690 已经为语言同化 第三期投资了20分钟
2020-11-08 13:22:24 - 2020-11-08 14:13:22因 看论文做实验50min 获得了220水晶！剩余水晶： 910 已经为理解TF 第二期投资了50分钟
2020-11-08 15:29:55 - 2020-11-08 15:50:26因 进行了娱乐时间20min 获得了10水晶！剩余水晶： 920 已经为工程娱乐初级投资了20分钟
2020-11-08 15:50:57 - 2020-11-08 16:11:31因 进行了娱乐时间20min 获得了10水晶！剩余水晶： 930 已经为工程娱乐初级投资了20分钟
2020-11-08 16:14:43 - 2020-11-08 16:35:04因 进行了娱乐时间20min 获得了10水晶！剩余水晶： 940 已经为工程娱乐初级投资了20分钟
2020-11-08 16:55:12 - 2020-11-08 17:15:52因 进行了娱乐时间20min 获得了10水晶！剩余水晶： 950 已经为工程娱乐初级投资了20分钟
2020-11-08 17:18:14 - 2020-11-08 17:38:51因 进行了娱乐时间20min 获得了10水晶！剩余水晶： 960 已经为工程娱乐初级投资了20分钟
2020-11-08 17:39:54 - 2020-11-08 18:00:27因 进行了娱乐时间20min 获得了10水晶！剩余水晶： 970 已经为工程娱乐初级投资了20分钟
2020-11-08 22:31:14夜间签到,水晶+80; 剩余水晶：1050
2020-11-08 22:31:20 - 2020-11-08 22:51:55因 进行了娱乐时间20min 获得了10水晶！剩余水晶： 1060 已经为视频娱乐进阶投资了20分钟
2020-11-08 22:52:04 - 2020-11-08 23:12:39因 进行了娱乐时间20min 获得了10水晶！剩余水晶： 1070 已经为视频娱乐进阶投资了20分钟
2020-11-09 08:58:17 - 2020-11-09 09:49:04因 看论文做实验50min 获得了220水晶！剩余水晶： 1290 已经为完成开题 第二期投资了50分钟
2020-11-09 09:51:00 - 2020-11-09 10:41:51因 看论文做实验50min 获得了220水晶！剩余水晶： 1510 已经为完成开题 第二期投资了50分钟
2020-11-09 10:52:12 - 2020-11-09 11:17:36因 半个番茄钟25min 获得了90水晶！剩余水晶： 1600 已经为写作提升投资了25分钟

2020-11-09入场收费收取,水晶-1500; 剩余水晶：100
2020-11-09 14:56:18 - 2020-11-09 15:46:59因 看论文做实验50min 获得了220水晶！剩余水晶： 320 已经为理解TF 第二期投资了50分钟
2020-11-09 15:49:58 - 2020-11-09 16:10:21因 进行了娱乐时间20min 获得了10水晶！剩余水晶： 330 已经为视频娱乐进阶投资了20分钟
2020-11-09 16:10:41 - 2020-11-09 17:01:37因 看论文做实验50min 获得了220水晶！剩余水晶： 550 已经为理解TF 第二期投资了50分钟
2020-11-09 17:36:52 - 2020-11-09 18:27:48因 看论文做实验50min 获得了220水晶！剩余水晶： 770 已经为完成开题 第二期投资了50分钟
2020-11-09 19:51:34 - 2020-11-09 20:11:53因 进行了娱乐时间20min 获得了10水晶！剩余水晶： 780 已经为视频娱乐进阶投资了20分钟
2020-11-09 20:12:23 - 2020-11-09 20:32:55因 进行了娱乐时间20min 获得了10水晶！剩余水晶： 790 已经为语言同化 第三期投资了20分钟
2020-11-09 20:35:42 - 2020-11-09 21:26:29因 看论文做实验50min 获得了220水晶！剩余水晶： 1010 已经为完成开题 第二期投资了50分钟
2020-11-09 22:03:20 - 2020-11-09 22:53:49因 看论文做实验50min 获得了220水晶！剩余水晶： 1230 已经为理解TF 第二期投资了50分钟
2020-11-09 22:53:54夜间签到,水晶+80; 剩余水晶：1310
2020-11-09 22:54:05 - 2020-11-09 23:45:04因 看论文做实验50min 获得了220水晶！剩余水晶： 1530 已经为理解TF 第二期投资了50分钟
2020-11-09 23:48:55 - 2020-11-10 00:14:22因 半个番茄钟25min 获得了90水晶！剩余水晶： 1620 已经为理解TF 第二期投资了25分钟

2020-11-10入场收费收取,水晶-1500; 剩余水晶：120
2020-11-10 07:53:43早间签到,水晶+80; 剩余水晶：200
2020-11-10 07:58:07 - 2020-11-10 08:49:21因 看论文做实验50min 获得了220水晶！剩余水晶： 420 已经为完成开题 第二期投资了50分钟
2020-11-10 09:35:00 - 2020-11-10 10:25:50因 看论文做实验50min 获得了220水晶！剩余水晶： 640 已经为完成开题 第二期投资了50分钟
2020-11-10 10:35:17 - 2020-11-10 11:26:02因 看论文做实验50min 获得了220水晶！剩余水晶： 860 已经为理解TF 第二期投资了50分钟
2020-11-10 12:39:06 - 2020-11-10 12:59:34因 进行了娱乐时间20min 获得了10水晶！剩余水晶： 870 已经为语言同化 第三期投资了20分钟
2020-11-10 13:00:04午间签到,水晶+80; 剩余水晶：950
2020-11-10 13:41:05 - 2020-11-10 14:01:35因 进行了娱乐时间20min 获得了10水晶！剩余水晶： 960 已经为视频娱乐进阶投资了20分钟
2020-11-10 14:03:08 - 2020-11-10 14:23:42因 进行了娱乐时间20min 获得了10水晶！剩余水晶： 970 已经为语言同化 第三期投资了20分钟
2020-11-10 14:32:59 - 2020-11-10 14:53:23因 进行了娱乐时间20min 获得了10水晶！剩余水晶： 980 已经为视频娱乐进阶投资了20分钟
2020-11-10 14:54:40 - 2020-11-10 15:15:34因 进行了娱乐时间20min 获得了10水晶！剩余水晶： 990 已经为语言同化 第三期投资了20分钟
2020-11-10 15:15:45 - 2020-11-10 15:36:25因 进行了娱乐时间20min 获得了10水晶！剩余水晶： 1000 已经为视频娱乐进阶投资了20分钟
2020-11-10 17:01:17 - 2020-11-10 17:21:37因 进行了娱乐时间20min 获得了10水晶！剩余水晶： 1010 已经为视频娱乐进阶投资了20分钟
2020-11-10 17:21:46 - 2020-11-10 17:42:06因 进行了娱乐时间20min 获得了10水晶！剩余水晶： 1020 已经为视频娱乐进阶投资了20分钟
2020-11-10 21:47:11 - 2020-11-10 22:12:38因 半个番茄钟25min 获得了90水晶！剩余水晶： 1110 已经为写作提升投资了25分钟
2020-11-10 22:25:56 - 2020-11-10 22:51:25因 半个番茄钟25min 获得了90水晶！剩余水晶： 1200 已经为写作提升投资了25分钟
2020-11-10 完结剧集【权力的游戏】，水晶+400，剩余水晶：1600
2020-11-10 23:07:31 - 2020-11-10 23:28:46因 进行了娱乐时间20min 获得了10水晶！剩余水晶： 1610 已经为视频娱乐进阶投资了20分钟
2020-11-10 23:29:14 - 2020-11-10 23:50:43因 进行了娱乐时间20min 获得了10水晶！剩余水晶： 1620 已经为番剧鉴赏投资了20分钟
2020-11-10 1600水兑换RMB160元，剩余水晶：20

2020-11-11 10:07:04 - 2020-11-11 10:32:29因 半个番茄钟25min 获得了90水晶！剩余水晶： 110 已经为写作提升投资了25分钟
2020-11-11 完结番剧《天元突破 红莲螺岩》，水晶+600；剩余水晶：710
2020-11-11 12:01:57 - 2020-11-11 12:53:01因 看论文做实验50min 获得了220水晶！剩余水晶： 930 已经为理解TF 第二期投资了50分钟
2020-11-11 13:00:01午间签到,水晶+80; 剩余水晶：1010
2020-11-11 14:06:54 - 2020-11-11 14:57:37因 看论文做实验50min 获得了220水晶！剩余水晶： 1230 已经为完成开题 第二期投资了50分钟
2020-11-11 15:14:54 - 2020-11-11 16:05:50因 看论文做实验50min 获得了220水晶！剩余水晶： 1450 已经为完成开题 第二期投资了50分钟
2020-11-11 16:13:38 - 2020-11-11 17:04:21因 看论文做实验50min 获得了220水晶！剩余水晶： 1670 已经为理解TF 第二期投资了50分钟
2020-11-11 17:20:31 - 2020-11-11 18:11:18因 看论文做实验50min 获得了220水晶！剩余水晶： 1890 已经为理解TF 第二期投资了50分钟
2020-11-11 19:03:37 - 2020-11-11 19:24:04因 进行了娱乐时间20min 获得了10水晶！剩余水晶： 1900 已经为语言同化 第三期投资了20分钟
2020-11-11 19:24:12 - 2020-11-11 19:44:45因 进行了娱乐时间20min 获得了10水晶！剩余水晶： 1910 已经为语言同化 第三期投资了20分钟
2020-11-11 20:22:53 - 2020-11-11 21:14:01因 看论文做实验50min 获得了220水晶！剩余水晶： 2130 已经为完成开题 第二期投资了50分钟
2020-11-11 21:24:18 - 2020-11-11 21:49:46因 半个番茄钟25min 获得了90水晶！剩余水晶： 2220 已经为完成开题 第二期投资了25分钟

2020-11-11入场收费收取,水晶-1500; 剩余水晶：720
2020-11-11 21:55:26 - 2020-11-11 22:20:50因 半个番茄钟25min 获得了90水晶！剩余水晶： 810 已经为完成开题 第二期投资了25分钟
2020-11-11 22:21:35 - 2020-11-11 22:46:59因 半个番茄钟25min 获得了90水晶！剩余水晶： 900 已经为完成开题 第二期投资了25分钟
2020-11-11 900水兑换RMB160元，剩余水晶：0
2020-11-12 13:13:30午间签到,水晶+80; 剩余水晶：80
2020-11-12 13:13:33 - 2020-11-12 13:33:55因 进行了娱乐时间20min 获得了10水晶！剩余水晶： 90 已经为语言同化 第三期投资了20分钟
2020-11-12 13:35:24 - 2020-11-12 13:55:44因 进行了娱乐时间20min 获得了10水晶！剩余水晶： 100 已经为语言同化 第三期投资了20分钟
2020-11-12 13:55:54 - 2020-11-12 14:16:13因 进行了娱乐时间20min 获得了10水晶！剩余水晶： 110 已经为语言同化 第三期投资了20分钟
2020-11-12 15:33:59 - 2020-11-12 15:54:15因 进行了娱乐时间20min 获得了10水晶！剩余水晶： 120 已经为视频娱乐进阶投资了20分钟
2020-11-12 19:29:37 - 2020-11-12 20:20:23因 读书整理书爱培50min 获得了200水晶！剩余水晶： 320 已经为写作提升投资了50分钟
2020-11-12 完结番剧《玉响~hitohose~》，水晶+600；剩余水晶：920
2020-11-12 22:19:10 - 2020-11-12 23:09:54因 看论文做实验50min 获得了220水晶！剩余水晶： 1140 已经为完成开题 第二期投资了50分钟
2020-11-12 23:10:07 - 2020-11-13 00:00:54因 看论文做实验50min 获得了220水晶！剩余水晶： 1360 已经为完成开题 第二期投资了50分钟

2020-11-13 13:00:23午间签到,水晶+80; 剩余水晶：1440
2020-11-13 13:00:27 - 2020-11-13 13:20:44因 进行了娱乐时间20min 获得了10水晶！剩余水晶： 1450 已经为番剧鉴赏投资了20分钟
2020-11-13 13:23:49 - 2020-11-13 13:44:05因 进行了娱乐时间20min 获得了10水晶！剩余水晶： 1460 已经为番剧鉴赏投资了20分钟
2020-11-13 13:50:12 - 2020-11-13 14:10:29因 进行了娱乐时间20min 获得了10水晶！剩余水晶： 1470 已经为番剧鉴赏投资了20分钟
2020-11-13 14:33:52 - 2020-11-13 14:54:09因 进行了娱乐时间20min 获得了10水晶！剩余水晶： 1480 已经为番剧鉴赏投资了20分钟
2020-11-13 14:56:14 - 2020-11-13 15:16:33因 进行了娱乐时间20min 获得了10水晶！剩余水晶： 1490 已经为番剧鉴赏投资了20分钟
2020-11-13 16:57:16 - 2020-11-13 17:17:39因 进行了娱乐时间20min 获得了10水晶！剩余水晶： 1500 已经为番剧鉴赏投资了20分钟
2020-11-13 17:17:51 - 2020-11-13 17:38:06因 进行了娱乐时间20min 获得了10水晶！剩余水晶： 1510 已经为工程娱乐初级投资了20分钟
2020-11-13入场收费收取,水晶-1500; 剩余水晶：10
2020-11-13 17:59:32 - 2020-11-13 18:20:00因 进行了娱乐时间20min 获得了10水晶！剩余水晶： 20 已经为工程娱乐初级投资了20分钟
2020-11-13 完结番剧《租借女友》，水晶+600；剩余水晶：620
2020-11-13 20:15:15 - 2020-11-13 21:06:00因 读书整理书爱培50min 获得了200水晶！剩余水晶： 820 已经为写作提升投资了50分钟
2020-11-13 21:14:34 - 2020-11-13 22:05:17因 看论文做实验50min 获得了220水晶！剩余水晶： 1040 已经为完成开题 第二期投资了50分钟
2020-11-13 22:05:25 - 2020-11-13 22:55:55因 看论文做实验50min 获得了220水晶！剩余水晶： 1260 已经为完成开题 第二期投资了50分钟
2020-11-13 23:17:48 - 2020-11-13 23:43:14因 半个番茄钟25min 获得了90水晶！剩余水晶： 1350 已经为阅读晋升 第二期投资了25分钟

2020-11-14 15:19:24 - 2020-11-14 16:09:55因 看论文做实验50min 获得了220水晶！剩余水晶： 1570 已经为理解TF 第二期投资了50分钟
2020-11-14入场收费收取,水晶-1500; 剩余水晶：70
2020-11-14 完结剧集【诸王的纷争】，水晶+400，剩余水晶：470

2020-11-15 13:07:29午间签到,水晶+80; 剩余水晶：550
2020-11-15 13:07:51 - 2020-11-15 13:58:35因 看论文做实验50min 获得了220水晶！剩余水晶： 770 已经为写作提升投资了50分钟
2020-11-15 15:01:26 - 2020-11-15 15:52:32因 读书整理书爱培50min 获得了200水晶！剩余水晶： 970 已经为学会Golang投资了50分钟
2020-11-15 16:08:40 - 2020-11-15 16:59:25因 读书整理书爱培50min 获得了200水晶！剩余水晶： 1170 已经为学会Golang投资了50分钟
2020-11-15 22:23:31 - 2020-11-15 23:14:16因 看论文做实验50min 获得了220水晶！剩余水晶： 1390 已经为理解TF 第二期投资了50分钟
2020-11-15 23:17:46 - 2020-11-16 00:08:35因 读书整理书爱培50min 获得了200水晶！剩余水晶： 1590 已经为阅读晋升 第二期投资了50分钟
2020-11-14入场收费收取,水晶-1500; 剩余水晶：90
2020-11-16 10:34:55 - 2020-11-16 11:00:07因 半个番茄钟25min 获得了90水晶！剩余水晶： 180 已经为行政日常投资了25分钟
2020-11-16 13:25:57午间签到,水晶+80; 剩余水晶：260
2020-11-16 14:51:39 - 2020-11-16 15:17:12因 半个番茄钟25min 获得了90水晶！剩余水晶： 350 已经为写作提升投资了25分钟
2020-11-16 15:39:17 - 2020-11-16 16:30:03因 看论文做实验50min 获得了220水晶！剩余水晶： 570 已经为理解TF 第二期投资了50分钟
2020-11-16 16:32:22 - 2020-11-16 17:23:11因 看论文做实验50min 获得了220水晶！剩余水晶： 790 已经为理解TF 第二期投资了50分钟
2020-11-16 18:59:55 - 2020-11-16 19:50:36因 看论文做实验50min 获得了220水晶！剩余水晶： 1010 已经为工程娱乐初级投资了50分钟
2020-11-16 22:05:29 - 2020-11-16 22:56:29因 读书整理书爱培50min 获得了200水晶！剩余水晶： 1210 已经为阅读晋升 第二期投资了50分钟
2020-11-16 23:03:26 - 2020-11-16 23:54:18因 读书整理书爱培50min 获得了200水晶！剩余水晶： 1410 已经为学会Golang投资了50分钟
2020-11-16 23:54:30 - 2020-11-17 00:19:54因 半个番茄钟25min 获得了90水晶！剩余水晶： 1500 已经为学会Golang投资了25分钟
2020-11-16入场收费收取,水晶-1500; 剩余水晶：0

